mode: atomic
github.com/retr0h/task-migrate/pkg/migrate/task.go:26.9,40.2 5 0
github.com/retr0h/task-migrate/pkg/migrate/task.go:43.28,53.34 2 0
github.com/retr0h/task-migrate/pkg/migrate/task.go:57.2,58.62 2 0
github.com/retr0h/task-migrate/pkg/migrate/task.go:64.2,64.12 1 0
github.com/retr0h/task-migrate/pkg/migrate/task.go:53.34,55.3 1 0
github.com/retr0h/task-migrate/pkg/migrate/task.go:58.62,59.46 1 0
github.com/retr0h/task-migrate/pkg/migrate/task.go:59.46,61.4 1 0
github.com/retr0h/task-migrate/pkg/migrate/db.go:28.15,35.2 2 12
github.com/retr0h/task-migrate/pkg/migrate/db.go:38.33,44.16 4 12
github.com/retr0h/task-migrate/pkg/migrate/db.go:48.2,49.16 2 12
github.com/retr0h/task-migrate/pkg/migrate/db.go:53.2,53.16 1 12
github.com/retr0h/task-migrate/pkg/migrate/db.go:44.16,46.3 1 0
github.com/retr0h/task-migrate/pkg/migrate/db.go:49.16,51.3 1 0
github.com/retr0h/task-migrate/pkg/migrate/db.go:57.48,63.16 3 16
github.com/retr0h/task-migrate/pkg/migrate/db.go:67.2,67.12 1 15
github.com/retr0h/task-migrate/pkg/migrate/db.go:63.16,65.3 1 1
github.com/retr0h/task-migrate/pkg/migrate/db.go:71.48,78.16 3 26
github.com/retr0h/task-migrate/pkg/migrate/db.go:82.2,82.12 1 26
github.com/retr0h/task-migrate/pkg/migrate/db.go:78.16,80.3 1 0
github.com/retr0h/task-migrate/pkg/migrate/db.go:86.64,93.16 3 3
github.com/retr0h/task-migrate/pkg/migrate/db.go:97.2,97.24 1 1
github.com/retr0h/task-migrate/pkg/migrate/db.go:93.16,95.3 1 2
github.com/retr0h/task-migrate/pkg/migrate/db.go:101.49,105.16 3 2
github.com/retr0h/task-migrate/pkg/migrate/db.go:109.2,109.24 1 2
github.com/retr0h/task-migrate/pkg/migrate/db.go:105.16,107.3 1 0
github.com/retr0h/task-migrate/pkg/migrate/db.go:113.48,117.16 3 2
github.com/retr0h/task-migrate/pkg/migrate/db.go:121.2,121.24 1 1
github.com/retr0h/task-migrate/pkg/migrate/db.go:117.16,119.3 1 1
github.com/retr0h/task-migrate/pkg/migrate/db.go:125.47,129.16 3 2
github.com/retr0h/task-migrate/pkg/migrate/db.go:133.2,133.24 1 1
github.com/retr0h/task-migrate/pkg/migrate/db.go:129.16,131.3 1 1
github.com/retr0h/task-migrate/pkg/migrate/migrate.go:38.14,49.2 2 12
github.com/retr0h/task-migrate/pkg/migrate/migrate.go:52.52,54.16 2 0
github.com/retr0h/task-migrate/pkg/migrate/migrate.go:58.2,63.33 6 0
github.com/retr0h/task-migrate/pkg/migrate/migrate.go:67.2,67.15 1 0
github.com/retr0h/task-migrate/pkg/migrate/migrate.go:54.16,56.3 1 0
github.com/retr0h/task-migrate/pkg/migrate/migrate.go:63.33,65.3 1 0
github.com/retr0h/task-migrate/pkg/migrate/migrate.go:71.32,73.16 2 0
github.com/retr0h/task-migrate/pkg/migrate/migrate.go:77.2,77.38 1 0
github.com/retr0h/task-migrate/pkg/migrate/migrate.go:83.2,83.46 1 0
github.com/retr0h/task-migrate/pkg/migrate/migrate.go:96.2,96.12 1 0
github.com/retr0h/task-migrate/pkg/migrate/migrate.go:73.16,75.3 1 0
github.com/retr0h/task-migrate/pkg/migrate/migrate.go:77.38,81.3 2 0
github.com/retr0h/task-migrate/pkg/migrate/migrate.go:83.46,85.17 2 0
github.com/retr0h/task-migrate/pkg/migrate/migrate.go:89.3,91.17 3 0
github.com/retr0h/task-migrate/pkg/migrate/migrate.go:85.17,87.4 1 0
github.com/retr0h/task-migrate/pkg/migrate/migrate.go:91.17,93.4 1 0
github.com/retr0h/task-migrate/pkg/migrate/migrate.go:100.65,104.16 3 0
github.com/retr0h/task-migrate/pkg/migrate/migrate.go:110.2,110.32 1 0
github.com/retr0h/task-migrate/pkg/migrate/migrate.go:114.2,115.16 2 0
github.com/retr0h/task-migrate/pkg/migrate/migrate.go:119.2,120.29 2 0
github.com/retr0h/task-migrate/pkg/migrate/migrate.go:135.2,137.8 1 0
github.com/retr0h/task-migrate/pkg/migrate/migrate.go:104.16,105.46 1 0
github.com/retr0h/task-migrate/pkg/migrate/migrate.go:105.46,107.4 1 0
github.com/retr0h/task-migrate/pkg/migrate/migrate.go:110.32,112.3 1 0
github.com/retr0h/task-migrate/pkg/migrate/migrate.go:115.16,117.3 1 0
github.com/retr0h/task-migrate/pkg/migrate/migrate.go:120.29,122.17 2 0
github.com/retr0h/task-migrate/pkg/migrate/migrate.go:126.3,126.42 1 0
github.com/retr0h/task-migrate/pkg/migrate/migrate.go:130.3,131.42 2 0
github.com/retr0h/task-migrate/pkg/migrate/migrate.go:122.17,124.4 1 0
github.com/retr0h/task-migrate/pkg/migrate/migrate.go:126.42,127.12 1 0
